Build started 6/16/2016 9:03:11 AM.
     1>Project "C:\Users\Sam\Documents\Visual Studio 2013\Projects\PenguinDrop\PenguinDrop\PenguinDrop.vcxproj" on node 2 (Build target(s)).
     1>ClCompile:
         C:\Program Files (x86)\Microsoft Visual Studio 12.0\VC\bin\x86_amd64\CL.exe /c /Zi /nologo /W3 /WX- /sdl /O2 /Oi /GL /D _MBCS /Gm- /EHsc /MD /GS /Gy /fp:precise /Zc:wchar_t /Zc:forScope /Fo"x64\Release\\" /Fd"x64\Release\vc120.pdb" /Gd /TP /errorReport:prompt snowball.cpp Source.cpp enemy.cpp
         snowball.cpp
         Source.cpp
         enemy.cpp
       Link:
         C:\Program Files (x86)\Microsoft Visual Studio 12.0\VC\bin\x86_amd64\link.exe /ERRORREPORT:PROMPT /OUT:"C:\Users\Sam\Documents\Visual Studio 2013\Projects\PenguinDrop\x64\Release\PenguinDrop.exe" /NOLOGO kernel32.lib user32.lib gdi32.lib winspool.lib comdlg32.lib advapi32.lib shell32.lib ole32.lib oleaut32.lib uuid.lib odbc32.lib odbccp32.lib /MANIFEST /MANIFESTUAC:"level='asInvoker' uiAccess='false'" /manifest:embed /DEBUG /PDB:"C:\Users\Sam\Documents\Visual Studio 2013\Projects\PenguinDrop\x64\Release\PenguinDrop.pdb" /OPT:REF /OPT:ICF /LTCG /TLBID:1 /DYNAMICBASE /NXCOMPAT /IMPLIB:"C:\Users\Sam\Documents\Visual Studio 2013\Projects\PenguinDrop\x64\Release\PenguinDrop.lib" /MACHINE:X64 x64\Release\snowball.obj
         x64\Release\Source.obj
         x64\Release\enemy.obj
     1>snowball.obj : error LNK2001: unresolved external symbol __imp_al_draw_bitmap
     1>snowball.obj : error LNK2001: unresolved external symbol __imp_al_get_bitmap_width
     1>snowball.obj : error LNK2001: unresolved external symbol __imp_al_load_bitmap
     1>snowball.obj : error LNK2001: unresolved external symbol __imp_al_get_bitmap_height
     1>snowball.obj : error LNK2001: unresolved external symbol __imp_al_destroy_bitmap
     1>Source.obj : error LNK2001: unresolved external symbol __imp_al_set_target_bitmap
     1>Source.obj : error LNK2001: unresolved external symbol __imp_al_flip_display
     1>Source.obj : error LNK2001: unresolved external symbol __imp_al_draw_rotated_bitmap
     1>Source.obj : error LNK2001: unresolved external symbol __imp_al_map_rgb
     1>Source.obj : error LNK2001: unresolved external symbol __imp_al_clear_to_color
     1>Source.obj : error LNK2001: unresolved external symbol __imp_al_register_event_source
     1>Source.obj : error LNK2001: unresolved external symbol __imp_al_wait_for_event
     1>Source.obj : error LNK2001: unresolved external symbol __imp_al_start_timer
     1>Source.obj : error LNK2001: unresolved external symbol __imp_al_get_keyboard_event_source
     1>Source.obj : error LNK2001: unresolved external symbol __imp_al_get_backbuffer
     1>Source.obj : error LNK2001: unresolved external symbol __imp_al_create_event_queue
     1>Source.obj : error LNK2001: unresolved external symbol __imp_al_create_display
     1>Source.obj : error LNK2001: unresolved external symbol __imp_al_create_timer
     1>Source.obj : error LNK2001: unresolved external symbol __imp_al_install_system
     1>Source.obj : error LNK2001: unresolved external symbol __imp_al_init_primitives_addon
     1>Source.obj : error LNK2001: unresolved external symbol __imp_al_get_display_event_source
     1>Source.obj : error LNK2001: unresolved external symbol __imp_al_get_timer_event_source
     1>Source.obj : error LNK2001: unresolved external symbol __imp_al_init_image_addon
     1>Source.obj : error LNK2001: unresolved external symbol __imp_al_destroy_display
     1>Source.obj : error LNK2001: unresolved external symbol __imp_al_install_keyboard
     1>Source.obj : error LNK2001: unresolved external symbol __imp_al_is_event_queue_empty
     1>Source.obj : error LNK2001: unresolved external symbol __imp_al_rest
     1>C:\Users\Sam\Documents\Visual Studio 2013\Projects\PenguinDrop\x64\Release\PenguinDrop.exe : fatal error LNK1120: 27 unresolved externals
     1>Done Building Project "C:\Users\Sam\Documents\Visual Studio 2013\Projects\PenguinDrop\PenguinDrop\PenguinDrop.vcxproj" (Build target(s)) -- FAILED.

Build FAILED.

Time Elapsed 00:00:10.22
